[2024-11-13 17:57:18.609] [7366] [HailoRT] [info] [device.cpp:46] [Device] OS Version: Linux 6.6.51+rpt-rpi-2712 #1 SMP PREEMPT Debian 1:6.6.51-1+rpt3 (2024-10-08) aarch64
[2024-11-13 17:57:18.609] [7366] [HailoRT] [info] [control.cpp:100] [control__parse_identify_results] firmware_version is: 4.18.0
[2024-11-13 17:57:18.609] [7366] [HailoRT] [info] [control.cpp:100] [control__parse_identify_results] firmware_version is: 4.18.0
[2024-11-13 17:57:18.678] [7382] [HailoRT] [info] [device.cpp:46] [Device] OS Version: Linux 6.6.51+rpt-rpi-2712 #1 SMP PREEMPT Debian 1:6.6.51-1+rpt3 (2024-10-08) aarch64
[2024-11-13 17:57:18.678] [7382] [HailoRT] [info] [control.cpp:100] [control__parse_identify_results] firmware_version is: 4.18.0
[2024-11-13 17:57:18.678] [7382] [HailoRT] [info] [control.cpp:100] [control__parse_identify_results] firmware_version is: 4.18.0
[2024-11-13 17:57:18.925] [7391] [HailoRT] [info] [device.cpp:46] [Device] OS Version: Linux 6.6.51+rpt-rpi-2712 #1 SMP PREEMPT Debian 1:6.6.51-1+rpt3 (2024-10-08) aarch64
[2024-11-13 17:57:18.926] [7391] [HailoRT] [info] [control.cpp:100] [control__parse_identify_results] firmware_version is: 4.18.0
[2024-11-13 17:57:18.926] [7391] [HailoRT] [info] [control.cpp:100] [control__parse_identify_results] firmware_version is: 4.18.0
[2024-11-13 17:57:19.093] [7375] [HailoRT] [info] [device.cpp:46] [Device] OS Version: Linux 6.6.51+rpt-rpi-2712 #1 SMP PREEMPT Debian 1:6.6.51-1+rpt3 (2024-10-08) aarch64
[2024-11-13 17:57:19.093] [7375] [HailoRT] [info] [control.cpp:100] [control__parse_identify_results] firmware_version is: 4.18.0
[2024-11-13 17:57:19.093] [7375] [HailoRT] [info] [vdevice.cpp:652] [create] VDevice Infos: 0000:01:00.0
[2024-11-13 17:57:19.310] [7375] [HailoRT] [info] [hef.cpp:1844] [get_network_group_and_network_name] No name was given. Addressing all networks of default network_group: yolov8s
[2024-11-13 17:57:19.310] [7375] [HailoRT] [info] [hef.cpp:1844] [get_network_group_and_network_name] No name was given. Addressing all networks of default network_group: yolov8s
[2024-11-13 17:57:19.493] [7405] [HailoRT] [info] [internal_buffer_manager.cpp:204] [print_execution_results] Planned internal buffer memory: CMA memory 0, user memory 4551168. memory to edge layer usage factor is 1.0
[2024-11-13 17:57:19.493] [7405] [HailoRT] [info] [internal_buffer_manager.cpp:212] [print_execution_results] Default Internal buffer planner executed successfully
[2024-11-13 17:57:19.522] [7405] [HailoRT] [info] [device_internal.cpp:57] [configure] Configuring HEF took 54.854945 milliseconds
[2024-11-13 17:57:19.523] [7405] [HailoRT] [info] [vdevice.cpp:751] [configure] Configuring HEF on VDevice took 55.403836 milliseconds
[2024-11-13 17:57:19.523] [7405] [HailoRT] [info] [multi_io_elements.cpp:780] [create] Created (AsyncHwEl)
[2024-11-13 17:57:19.523] [7405] [HailoRT] [info] [queue_elements.cpp:420] [create] Created (EntryPushQEl0yolov8s/input_layer1 | timeout: 10s)
[2024-11-13 17:57:19.523] [7405] [HailoRT] [info] [filter_elements.cpp:101] [create] Created (PreInferEl3yolov8s/input_layer1 | Reorder - src_order: RGB4, src_shape: (640, 640, 3), dst_order: NHCW, dst_shape: (640, 640, 3))
[2024-11-13 17:57:19.523] [7405] [HailoRT] [info] [queue_elements.cpp:420] [create] Created (PushQEl3yolov8s/input_layer1 | timeout: 10s)
[2024-11-13 17:57:19.523] [7405] [HailoRT] [info] [multi_io_elements.cpp:159] [create] Created (NmsPPMuxEl0YOLOV8-Post-Process | Op YOLOV8, Name: YOLOV8-Post-Process, Score threshold: 0.300, IoU threshold: 0.45, Classes: 80, Cross classes: false, Max bboxes per class: 100, Image height: 640, Image width: 640)
[2024-11-13 17:57:19.523] [7405] [HailoRT] [info] [queue_elements.cpp:420] [create] Created (PushQEl_nms9yolov8s/conv41_97 | timeout: 10s)
[2024-11-13 17:57:19.523] [7405] [HailoRT] [info] [queue_elements.cpp:420] [create] Created (PushQEl_nms7yolov8s/conv42_97 | timeout: 10s)
[2024-11-13 17:57:19.524] [7405] [HailoRT] [info] [queue_elements.cpp:420] [create] Created (PushQEl_nms1yolov8s/conv52_97 | timeout: 10s)
[2024-11-13 17:57:19.524] [7405] [HailoRT] [info] [queue_elements.cpp:420] [create] Created (PushQEl_nms0yolov8s/conv53_97 | timeout: 10s)
[2024-11-13 17:57:19.554] [7405] [HailoRT] [info] [queue_elements.cpp:420] [create] Created (PushQEl_nms3yolov8s/conv62_97 | timeout: 10s)
[2024-11-13 17:57:19.554] [7405] [HailoRT] [info] [queue_elements.cpp:420] [create] Created (PushQEl_nms2yolov8s/conv63_97 | timeout: 10s)
[2024-11-13 17:57:19.554] [7405] [HailoRT] [info] [edge_elements.cpp:187] [create] Created (LastAsyncEl0NmsPPMuxEl0YOLOV8-Post-Process)
[2024-11-13 17:57:19.554] [7405] [HailoRT] [info] [pipeline.cpp:872] [print_deep_description] EntryPushQEl0yolov8s/input_layer1 | inputs: user | outputs: PreInferEl3yolov8s/input_layer1
[2024-11-13 17:57:19.554] [7405] [HailoRT] [info] [pipeline.cpp:872] [print_deep_description] PreInferEl3yolov8s/input_layer1 | inputs: EntryPushQEl0yolov8s/input_layer1 | outputs: PushQEl3yolov8s/input_layer1
[2024-11-13 17:57:19.554] [7405] [HailoRT] [info] [pipeline.cpp:872] [print_deep_description] PushQEl3yolov8s/input_layer1 | inputs: PreInferEl3yolov8s/input_layer1 | outputs: AsyncHwEl
[2024-11-13 17:57:19.554] [7405] [HailoRT] [info] [pipeline.cpp:872] [print_deep_description] AsyncHwEl | inputs: PushQEl3yolov8s/input_layer1 | outputs: PushQEl_nms3yolov8s/conv62_97 PushQEl_nms2yolov8s/conv63_97 PushQEl_nms1yolov8s/conv52_97 PushQEl_nms0yolov8s/conv53_97 PushQEl_nms9yolov8s/conv41_97 PushQEl_nms7yolov8s/conv42_97
[2024-11-13 17:57:19.554] [7405] [HailoRT] [info] [pipeline.cpp:872] [print_deep_description] PushQEl_nms3yolov8s/conv62_97 | inputs: AsyncHwEl | outputs: NmsPPMuxEl0YOLOV8-Post-Process
[2024-11-13 17:57:19.554] [7405] [HailoRT] [info] [pipeline.cpp:872] [print_deep_description] NmsPPMuxEl0YOLOV8-Post-Process | inputs: PushQEl_nms9yolov8s/conv41_97 PushQEl_nms7yolov8s/conv42_97 PushQEl_nms1yolov8s/conv52_97 PushQEl_nms0yolov8s/conv53_97 PushQEl_nms3yolov8s/conv62_97 PushQEl_nms2yolov8s/conv63_97 | outputs: LastAsyncEl0NmsPPMuxEl0YOLOV8-Post-Process
[2024-11-13 17:57:19.554] [7405] [HailoRT] [info] [pipeline.cpp:872] [print_deep_description] LastAsyncEl0NmsPPMuxEl0YOLOV8-Post-Process | inputs: NmsPPMuxEl0YOLOV8-Post-Process | outputs: user
[2024-11-13 17:57:19.554] [7405] [HailoRT] [info] [pipeline.cpp:872] [print_deep_description] PushQEl_nms2yolov8s/conv63_97 | inputs: AsyncHwEl | outputs: NmsPPMuxEl0YOLOV8-Post-Process
[2024-11-13 17:57:19.554] [7405] [HailoRT] [info] [pipeline.cpp:872] [print_deep_description] PushQEl_nms1yolov8s/conv52_97 | inputs: AsyncHwEl | outputs: NmsPPMuxEl0YOLOV8-Post-Process
[2024-11-13 17:57:19.554] [7405] [HailoRT] [info] [pipeline.cpp:872] [print_deep_description] PushQEl_nms0yolov8s/conv53_97 | inputs: AsyncHwEl | outputs: NmsPPMuxEl0YOLOV8-Post-Process
[2024-11-13 17:57:19.554] [7405] [HailoRT] [info] [pipeline.cpp:872] [print_deep_description] PushQEl_nms9yolov8s/conv41_97 | inputs: AsyncHwEl | outputs: NmsPPMuxEl0YOLOV8-Post-Process
[2024-11-13 17:57:19.554] [7405] [HailoRT] [info] [pipeline.cpp:872] [print_deep_description] PushQEl_nms7yolov8s/conv42_97 | inputs: AsyncHwEl | outputs: NmsPPMuxEl0YOLOV8-Post-Process
[2024-11-13 17:57:19.563] [7405] [HailoRT] [info] [hef.cpp:1844] [get_network_group_and_network_name] No name was given. Addressing all networks of default network_group: yolov8s
